0 info it worked if it ends with ok
1 verbose cli [ 'C:\\Program Files\\nodejs\\node.exe',
1 verbose cli   'C:\\Program Files\\nodejs\\node_modules\\npm\\bin\\npm-cli.js',
1 verbose cli   'run',
1 verbose cli   'build:scss:watch' ]
2 info using npm@3.10.10
3 info using node@v6.10.2
4 verbose run-script [ 'prebuild:scss:watch',
4 verbose run-script   'build:scss:watch',
4 verbose run-script   'postbuild:scss:watch' ]
5 info lifecycle foodwasteproject@1.0.0~prebuild:scss:watch: foodwasteproject@1.0.0
6 silly lifecycle foodwasteproject@1.0.0~prebuild:scss:watch: no script for prebuild:scss:watch, continuing
7 info lifecycle foodwasteproject@1.0.0~build:scss:watch: foodwasteproject@1.0.0
8 verbose lifecycle foodwasteproject@1.0.0~build:scss:watch: unsafe-perm in lifecycle true
9 verbose lifecycle foodwasteproject@1.0.0~build:scss:watch: PATH: C:\Program Files\nodejs\node_modules\npm\bin\node-gyp-bin;C:\Users\leonel\Desktop\Projects\foodwasteproject\node_modules\.bin;C:\cmder\bin;C:\cmder\vendor\conemu-maximus5\ConEmu\Scripts;C:\cmder\vendor\conemu-maximus5;C:\cmder\vendor\conemu-maximus5\ConEmu;C:\ProgramData\Oracle\Java\javapath;C:\Program Files (x86)\AMD APP\bin\x86_64;C:\Program Files (x86)\AMD APP\bin\x86;C:\WINDOWS\system32;C:\WINDOWS;C:\WINDOWS\System32\Wbem;C:\WINDOWS\System32\WindowsPowerShell\v1.0\;C:\Program Files (x86)\Windows Live\Shared;C:\Program Files (x86)\ATI Technologies\ATI.ACE\Core-Static;C:\Program Files\nodejs\;C:\Program Files\Git\cmd;C:\Users\leonel\AppData\Local\Microsoft\WindowsApps;C:\Users\leonel\AppData\Roaming\npm;C:\Program Files\MongoDB\Server\3.4\bin;C:\Program Files\Heroku\bin;C:\Program Files\Git\usr\bin;C:\Program Files\Git\usr\share\vim\vim74;C:\cmder\
10 verbose lifecycle foodwasteproject@1.0.0~build:scss:watch: CWD: C:\Users\leonel\Desktop\Projects\foodwasteproject
11 silly lifecycle foodwasteproject@1.0.0~build:scss:watch: Args: [ '/d /s /c',
11 silly lifecycle   'node-sass src/scss/main.scss client/css/main.css --watch' ]
12 silly lifecycle foodwasteproject@1.0.0~build:scss:watch: Returned: code: 3221225786  signal: null
13 info lifecycle foodwasteproject@1.0.0~build:scss:watch: Failed to exec build:scss:watch script
14 verbose stack Error: foodwasteproject@1.0.0 build:scss:watch: `node-sass src/scss/main.scss client/css/main.css --watch`
14 verbose stack Exit status 3221225786
14 verbose stack     at EventEmitter.<anonymous> (C:\Program Files\nodejs\node_modules\npm\lib\utils\lifecycle.js:255:16)
14 verbose stack     at emitTwo (events.js:106:13)
14 verbose stack     at EventEmitter.emit (events.js:191:7)
14 verbose stack     at ChildProcess.<anonymous> (C:\Program Files\nodejs\node_modules\npm\lib\utils\spawn.js:40:14)
14 verbose stack     at emitTwo (events.js:106:13)
14 verbose stack     at ChildProcess.emit (events.js:191:7)
14 verbose stack     at maybeClose (internal/child_process.js:886:16)
14 verbose stack     at Process.ChildProcess._handle.onexit (internal/child_process.js:226:5)
15 verbose pkgid foodwasteproject@1.0.0
16 verbose cwd C:\Users\leonel\Desktop\Projects\foodwasteproject
17 error Windows_NT 10.0.14393
18 error argv "C:\\Program Files\\nodejs\\node.exe" "C:\\Program Files\\nodejs\\node_modules\\npm\\bin\\npm-cli.js" "run" "build:scss:watch"
19 error node v6.10.2
20 error npm  v3.10.10
21 error code ELIFECYCLE
22 error foodwasteproject@1.0.0 build:scss:watch: `node-sass src/scss/main.scss client/css/main.css --watch`
22 error Exit status 3221225786
23 error Failed at the foodwasteproject@1.0.0 build:scss:watch script 'node-sass src/scss/main.scss client/css/main.css --watch'.
23 error Make sure you have the latest version of node.js and npm installed.
23 error If you do, this is most likely a problem with the foodwasteproject package,
23 error not with npm itself.
23 error Tell the author that this fails on your system:
23 error     node-sass src/scss/main.scss client/css/main.css --watch
23 error You can get information on how to open an issue for this project with:
23 error     npm bugs foodwasteproject
23 error Or if that isn't available, you can get their info via:
23 error     npm owner ls foodwasteproject
23 error There is likely additional logging output above.
24 verbose exit [ 1, true ]
